{"numTotalTestSuites":6,"numPassedTestSuites":0,"numFailedTestSuites":6,"numPendingTestSuites":0,"numTotalTests":5,"numPassedTests":2,"numFailedTests":3,"numPendingTests":0,"numTodoTests":0,"snapshot":{"added":0,"failure":false,"filesAdded":0,"filesRemoved":0,"filesRemovedList":[],"filesUnmatched":0,"filesUpdated":0,"matched":0,"total":0,"unchecked":0,"uncheckedKeysByFile":[],"unmatched":0,"updated":0,"didUpdate":false},"startTime":1771895111088,"success":false,"testResults":[{"assertionResults":[],"startTime":1771895111088,"endTime":1771895111088,"status":"failed","message":"`PrismaClient` needs to be constructed with a non-empty, valid `PrismaClientOptions`:\n\n```\nnew PrismaClient({\n  ...\n})\n```\n\nor\n\n```\nconstructor() {\n  super({ ... });\n}\n```\n          ","name":"/Users/abrajput/Documents/Aivon DSA Platform/Backend/tests/e2e/auth.e2e.test.ts"},{"assertionResults":[],"startTime":1771895111088,"endTime":1771895111088,"status":"failed","message":"`PrismaClient` needs to be constructed with a non-empty, valid `PrismaClientOptions`:\n\n```\nnew PrismaClient({\n  ...\n})\n```\n\nor\n\n```\nconstructor() {\n  super({ ... });\n}\n```\n          ","name":"/Users/abrajput/Documents/Aivon DSA Platform/Backend/tests/e2e/rbac.e2e.test.ts"},{"assertionResults":[{"ancestorTitles":["Background Jobs & Asynchronous Queues (BullMQ)"],"fullName":"Background Jobs & Asynchronous Queues (BullMQ) Jobs are successfully enqueued and processed by workers","status":"failed","title":"Jobs are successfully enqueued and processed by workers","duration":5005.626375,"failureMessages":["Error: STACK_TRACE_ERROR\n    at task (file:///Users/abrajput/Documents/Aivon%20DSA%20Platform/Backend/node_modules/@vitest/runner/dist/index.js:796:27)\n    at Object.<anonymous> (file:///Users/abrajput/Documents/Aivon%20DSA%20Platform/Backend/node_modules/@vitest/runner/dist/index.js:823:16)\n    at Object.<anonymous> (file:///Users/abrajput/Documents/Aivon%20DSA%20Platform/Backend/node_modules/@vitest/runner/dist/index.js:615:28)\n    at chain (file:///Users/abrajput/Documents/Aivon%20DSA%20Platform/Backend/node_modules/@vitest/runner/dist/chunk-tasks.js:9:14)\n    at /Users/abrajput/Documents/Aivon DSA Platform/Backend/tests/integration/bullmq.int.test.ts:23:3\n    at file:///Users/abrajput/Documents/Aivon%20DSA%20Platform/Backend/node_modules/@vitest/runner/dist/index.js:901:40\n    at runWithSuite (file:///Users/abrajput/Documents/Aivon%20DSA%20Platform/Backend/node_modules/@vitest/runner/dist/index.js:1195:8)\n    at Object.collect (file:///Users/abrajput/Documents/Aivon%20DSA%20Platform/Backend/node_modules/@vitest/runner/dist/index.js:901:10)\n    at Object.collect (file:///Users/abrajput/Documents/Aivon%20DSA%20Platform/Backend/node_modules/@vitest/runner/dist/index.js:905:54)\n    at processTicksAndRejections (node:internal/process/task_queues:103:5)\n    at file:///Users/abrajput/Documents/Aivon%20DSA%20Platform/Backend/node_modules/@vitest/runner/dist/index.js:1390:26\n    at collectTests (file:///Users/abrajput/Documents/Aivon%20DSA%20Platform/Backend/node_modules/@vitest/runner/dist/index.js:1365:3)\n    at startTests (file:///Users/abrajput/Documents/Aivon%20DSA%20Platform/Backend/node_modules/@vitest/runner/dist/index.js:1937:17)\n    at file:///Users/abrajput/Documents/Aivon%20DSA%20Platform/Backend/node_modules/vitest/dist/chunks/base.CJ0Y4ePK.js:86:26\n    at run (file:///Users/abrajput/Documents/Aivon%20DSA%20Platform/Backend/node_modules/vitest/dist/chunks/base.CJ0Y4ePK.js:79:2)"],"meta":{}},{"ancestorTitles":["Background Jobs & Asynchronous Queues (BullMQ)"],"fullName":"Background Jobs & Asynchronous Queues (BullMQ) Worker retries with exponential backoff and tracks failure in DLQ (Dead Letter Queue)","status":"failed","title":"Worker retries with exponential backoff and tracks failure in DLQ (Dead Letter Queue)","duration":10002.438750000001,"failureMessages":["Error: STACK_TRACE_ERROR\n    at task (file:///Users/abrajput/Documents/Aivon%20DSA%20Platform/Backend/node_modules/@vitest/runner/dist/index.js:796:27)\n    at Object.<anonymous> (file:///Users/abrajput/Documents/Aivon%20DSA%20Platform/Backend/node_modules/@vitest/runner/dist/index.js:823:16)\n    at Object.<anonymous> (file:///Users/abrajput/Documents/Aivon%20DSA%20Platform/Backend/node_modules/@vitest/runner/dist/index.js:615:28)\n    at chain (file:///Users/abrajput/Documents/Aivon%20DSA%20Platform/Backend/node_modules/@vitest/runner/dist/chunk-tasks.js:9:14)\n    at /Users/abrajput/Documents/Aivon DSA Platform/Backend/tests/integration/bullmq.int.test.ts:38:3\n    at file:///Users/abrajput/Documents/Aivon%20DSA%20Platform/Backend/node_modules/@vitest/runner/dist/index.js:901:40\n    at runWithSuite (file:///Users/abrajput/Documents/Aivon%20DSA%20Platform/Backend/node_modules/@vitest/runner/dist/index.js:1195:8)\n    at Object.collect (file:///Users/abrajput/Documents/Aivon%20DSA%20Platform/Backend/node_modules/@vitest/runner/dist/index.js:901:10)\n    at Object.collect (file:///Users/abrajput/Documents/Aivon%20DSA%20Platform/Backend/node_modules/@vitest/runner/dist/index.js:905:54)\n    at processTicksAndRejections (node:internal/process/task_queues:103:5)\n    at file:///Users/abrajput/Documents/Aivon%20DSA%20Platform/Backend/node_modules/@vitest/runner/dist/index.js:1390:26\n    at collectTests (file:///Users/abrajput/Documents/Aivon%20DSA%20Platform/Backend/node_modules/@vitest/runner/dist/index.js:1365:3)\n    at startTests (file:///Users/abrajput/Documents/Aivon%20DSA%20Platform/Backend/node_modules/@vitest/runner/dist/index.js:1937:17)\n    at file:///Users/abrajput/Documents/Aivon%20DSA%20Platform/Backend/node_modules/vitest/dist/chunks/base.CJ0Y4ePK.js:86:26\n    at run (file:///Users/abrajput/Documents/Aivon%20DSA%20Platform/Backend/node_modules/vitest/dist/chunks/base.CJ0Y4ePK.js:79:2)"],"meta":{}}],"startTime":1771895111292,"endTime":1771895126299.4387,"status":"failed","message":"","name":"/Users/abrajput/Documents/Aivon DSA Platform/Backend/tests/integration/bullmq.int.test.ts"},{"assertionResults":[{"ancestorTitles":["Database Integrity Constraints"],"fullName":"Database Integrity Constraints Prisma Singleton Pattern Enforcement","status":"failed","title":"Prisma Singleton Pattern Enforcement","duration":1.3422499999999786,"failureMessages":["Error: Cannot find module '../../src/services/prisma'\nRequire stack:\n- /Users/abrajput/Documents/Aivon DSA Platform/Backend/tests/integration/prisma.int.test.ts\n    at Module._resolveFilename (node:internal/modules/cjs/loader:1421:15)\n    at defaultResolveImpl (node:internal/modules/cjs/loader:1059:19)\n    at resolveForCJSWithHooks (node:internal/modules/cjs/loader:1064:22)\n    at Module._load (node:internal/modules/cjs/loader:1227:37)\n    at TracingChannel.traceSync (node:diagnostics_channel:328:14)\n    at wrapModuleLoad (node:internal/modules/cjs/loader:245:24)\n    at Module.require (node:internal/modules/cjs/loader:1504:12)\n    at require (node:internal/modules/helpers:152:16)\n    at /Users/abrajput/Documents/Aivon DSA Platform/Backend/tests/integration/prisma.int.test.ts:7:16\n    at file:///Users/abrajput/Documents/Aivon%20DSA%20Platform/Backend/node_modules/@vitest/runner/dist/index.js:145:11"],"meta":{}},{"ancestorTitles":["Database Integrity Constraints"],"fullName":"Database Integrity Constraints Database Transaction Rollbacks on Exception","status":"passed","title":"Database Transaction Rollbacks on Exception","duration":1076.817959,"failureMessages":[],"meta":{}},{"ancestorTitles":["Database Integrity Constraints"],"fullName":"Database Integrity Constraints Schema Validation: Prevent Duplicate Submissions without distinct IDs","status":"passed","title":"Schema Validation: Prevent Duplicate Submissions without distinct IDs","duration":0.21970899999996618,"failureMessages":[],"meta":{}}],"startTime":1771895111260,"endTime":1771895112338.2197,"status":"failed","message":"","name":"/Users/abrajput/Documents/Aivon DSA Platform/Backend/tests/integration/prisma.int.test.ts"}]}
